{"log":"The files belonging to this database system will be owned by user \"postgres\".\n","stream":"stdout","time":"2021-10-22T22:53:31.2696451Z"}
{"log":"This user must also own the server process.\n","stream":"stdout","time":"2021-10-22T22:53:31.2697038Z"}
{"log":"\n","stream":"stdout","time":"2021-10-22T22:53:31.2697131Z"}
{"log":"The database cluster will be initialized with locale \"en_US.utf8\".\n","stream":"stdout","time":"2021-10-22T22:53:31.2697192Z"}
{"log":"The default database encoding has accordingly been set to \"UTF8\".\n","stream":"stdout","time":"2021-10-22T22:53:31.2697259Z"}
{"log":"The default text search configuration will be set to \"english\".\n","stream":"stdout","time":"2021-10-22T22:53:31.2697322Z"}
{"log":"\n","stream":"stdout","time":"2021-10-22T22:53:31.2697381Z"}
{"log":"Data page checksums are disabled.\n","stream":"stdout","time":"2021-10-22T22:53:31.2697433Z"}
{"log":"\n","stream":"stdout","time":"2021-10-22T22:53:31.269756Z"}
{"log":"fixing permissions on existing directory /tmp ... ok\n","stream":"stdout","time":"2021-10-22T22:53:31.2699167Z"}
{"log":"creating subdirectories ... ok\n","stream":"stdout","time":"2021-10-22T22:53:31.2719895Z"}
{"log":"selecting default max_connections ... 100\n","stream":"stdout","time":"2021-10-22T22:53:31.2879821Z"}
{"log":"selecting default shared_buffers ... 128MB\n","stream":"stdout","time":"2021-10-22T22:53:31.3121586Z"}
{"log":"selecting default timezone ... Etc/UTC\n","stream":"stdout","time":"2021-10-22T22:53:31.3411683Z"}
{"log":"selecting dynamic shared memory implementation ... posix\n","stream":"stdout","time":"2021-10-22T22:53:31.3411978Z"}
{"log":"creating configuration files ... ok\n","stream":"stdout","time":"2021-10-22T22:53:31.3429318Z"}
{"log":"running bootstrap script ... ok\n","stream":"stdout","time":"2021-10-22T22:53:31.562547Z"}
{"log":"performing post-bootstrap initialization ... ok\n","stream":"stdout","time":"2021-10-22T22:53:32.2914108Z"}
{"log":"syncing data to disk ... ok\n","stream":"stdout","time":"2021-10-22T22:54:18.8547393Z"}
{"log":"\n","stream":"stdout","time":"2021-10-22T22:54:18.8550216Z"}
{"log":"Success. You can now start the database server using:\n","stream":"stdout","time":"2021-10-22T22:54:18.8550642Z"}
{"log":"\n","stream":"stdout","time":"2021-10-22T22:54:18.8550858Z"}
{"log":"    pg_ctl -D /tmp -l logfile start\n","stream":"stdout","time":"2021-10-22T22:54:18.8551044Z"}
{"log":"\n","stream":"stdout","time":"2021-10-22T22:54:18.8551238Z"}
{"log":"\n","stream":"stderr","time":"2021-10-22T22:54:18.8547795Z"}
{"log":"WARNING: enabling \"trust\" authentication for local connections\n","stream":"stderr","time":"2021-10-22T22:54:18.8552963Z"}
{"log":"You can change this by editing pg_hba.conf or using the option -A, or\n","stream":"stderr","time":"2021-10-22T22:54:18.8553235Z"}
{"log":"--auth-local and --auth-host, the next time you run initdb.\n","stream":"stderr","time":"2021-10-22T22:54:18.8553441Z"}
{"log":"waiting for server to start....2021-10-22 22:54:19.231 UTC [50] LOG:  listening on Unix socket \"/var/run/postgresql/.s.PGSQL.5432\"\n","stream":"stdout","time":"2021-10-22T22:54:19.2320356Z"}
{"log":"2021-10-22 22:54:19.890 UTC [51] LOG:  database system was shut down at 2021-10-22 22:53:32 UTC\n","stream":"stdout","time":"2021-10-22T22:54:19.8908848Z"}
{"log":".2021-10-22 22:54:20.067 UTC [50] LOG:  database system is ready to accept connections\n","stream":"stdout","time":"2021-10-22T22:54:20.0687193Z"}
{"log":" done\n","stream":"stdout","time":"2021-10-22T22:54:20.1247698Z"}
{"log":"server started\n","stream":"stdout","time":"2021-10-22T22:54:20.1248596Z"}
{"log":"\n","stream":"stdout","time":"2021-10-22T22:54:20.2889995Z"}
{"log":"/usr/local/bin/docker-entrypoint.sh: ignoring /docker-entrypoint-initdb.d/*\n","stream":"stdout","time":"2021-10-22T22:54:20.2890848Z"}
{"log":"\n","stream":"stdout","time":"2021-10-22T22:54:20.2891098Z"}
{"log":"2021-10-22 22:54:20.292 UTC [50] LOG:  received fast shutdown request\n","stream":"stdout","time":"2021-10-22T22:54:20.2932872Z"}
{"log":"waiting for server to shut down....2021-10-22 22:54:20.464 UTC [50] LOG:  aborting any active transactions\n","stream":"stdout","time":"2021-10-22T22:54:20.4651233Z"}
{"log":"2021-10-22 22:54:20.470 UTC [50] LOG:  background worker \"logical replication launcher\" (PID 57) exited with exit code 1\n","stream":"stdout","time":"2021-10-22T22:54:20.4709454Z"}
{"log":"2021-10-22 22:54:20.470 UTC [52] LOG:  shutting down\n","stream":"stdout","time":"2021-10-22T22:54:20.4714438Z"}
{"log":".2021-10-22 22:54:21.513 UTC [50] LOG:  database system is shut down\n","stream":"stdout","time":"2021-10-22T22:54:21.5140669Z"}
{"log":" done\n","stream":"stdout","time":"2021-10-22T22:54:21.5991165Z"}
{"log":"server stopped\n","stream":"stdout","time":"2021-10-22T22:54:21.5991934Z"}
{"log":"\n","stream":"stdout","time":"2021-10-22T22:54:21.5998089Z"}
{"log":"PostgreSQL init process complete; ready for start up.\n","stream":"stdout","time":"2021-10-22T22:54:21.5998738Z"}
{"log":"\n","stream":"stdout","time":"2021-10-22T22:54:21.5999083Z"}
{"log":"2021-10-22 22:54:21.784 UTC [1] LOG:  listening on IPv4 address \"0.0.0.0\", port 5432\n","stream":"stderr","time":"2021-10-22T22:54:21.7849968Z"}
{"log":"2021-10-22 22:54:21.784 UTC [1] LOG:  listening on IPv6 address \"::\", port 5432\n","stream":"stderr","time":"2021-10-22T22:54:21.7850618Z"}
{"log":"2021-10-22 22:54:22.082 UTC [1] LOG:  listening on Unix socket \"/var/run/postgresql/.s.PGSQL.5432\"\n","stream":"stderr","time":"2021-10-22T22:54:22.0833183Z"}
{"log":"2021-10-22 22:54:22.726 UTC [69] LOG:  database system was shut down at 2021-10-22 22:54:21 UTC\n","stream":"stderr","time":"2021-10-22T22:54:22.7272528Z"}
{"log":"2021-10-22 22:54:22.888 UTC [1] LOG:  database system is ready to accept connections\n","stream":"stderr","time":"2021-10-22T22:54:22.8883662Z"}
{"log":"2021-10-22 22:54:55.799 UTC [1] LOG:  received fast shutdown request\n","stream":"stderr","time":"2021-10-22T22:54:55.7997927Z"}
{"log":"2021-10-22 22:54:55.925 UTC [1] LOG:  aborting any active transactions\n","stream":"stderr","time":"2021-10-22T22:54:55.9306145Z"}
{"log":"2021-10-22 22:54:55.930 UTC [1] LOG:  background worker \"logical replication launcher\" (PID 75) exited with exit code 1\n","stream":"stderr","time":"2021-10-22T22:54:55.9310485Z"}
{"log":"2021-10-22 22:54:55.931 UTC [70] LOG:  shutting down\n","stream":"stderr","time":"2021-10-22T22:54:55.9315469Z"}
{"log":"2021-10-22 22:54:56.686 UTC [1] LOG:  database system is shut down\n","stream":"stderr","time":"2021-10-22T22:54:56.6879274Z"}
{"log":"\n","stream":"stdout","time":"2021-10-22T22:55:02.6040829Z"}
{"log":"PostgreSQL Database directory appears to contain a database; Skipping initialization\n","stream":"stdout","time":"2021-10-22T22:55:02.6041391Z"}
{"log":"\n","stream":"stdout","time":"2021-10-22T22:55:02.6041516Z"}
{"log":"2021-10-22 22:55:02.749 UTC [1] LOG:  listening on IPv4 address \"0.0.0.0\", port 5432\n","stream":"stderr","time":"2021-10-22T22:55:02.7500333Z"}
{"log":"2021-10-22 22:55:02.749 UTC [1] LOG:  listening on IPv6 address \"::\", port 5432\n","stream":"stderr","time":"2021-10-22T22:55:02.7500968Z"}
{"log":"2021-10-22 22:55:03.115 UTC [1] LOG:  listening on Unix socket \"/var/run/postgresql/.s.PGSQL.5432\"\n","stream":"stderr","time":"2021-10-22T22:55:03.1163072Z"}
{"log":"2021-10-22 22:55:03.527 UTC [27] LOG:  database system was shut down at 2021-10-22 22:54:56 UTC\n","stream":"stderr","time":"2021-10-22T22:55:03.5280035Z"}
{"log":"2021-10-22 22:55:03.647 UTC [1] LOG:  database system is ready to accept connections\n","stream":"stderr","time":"2021-10-22T22:55:03.6481127Z"}
